20231106 10:47:05 - DC_logger - INFO - 开始收集Datacenter信息!
20231106 10:47:05 - DC_logger - INFO - 开始收集Datacenter：testDC 信息
20231106 10:47:05 - DC_logger - INFO - 开始收集Datacenter：Datacenter 信息
20231106 10:47:09 - DC_logger - INFO - DC信息写入文件：D:\OneDrive\Documents\Py_project\vspherehealthcheck\data\dc-20231106104705.json
20231106 10:47:09 - DC_logger - INFO - the information acquisition of datacenter(s) is finished!
20231107 10:52:44 - DC_logger - INFO - 开始收集Datacenter信息!
20231107 10:52:44 - DC_logger - INFO - 开始收集Datacenter：testDC 信息
20231107 10:52:44 - DC_logger - INFO - 开始收集集群：Cluster HA信息
20231107 10:52:44 - DC_logger - INFO - 开始收集集群：Cluster DRS信息
20231107 10:52:45 - DC_logger - INFO - 开始收集集群：Cluster EVC信息
20231107 10:52:45 - DC_logger - INFO - 开始收集Datacenter：Datacenter 信息
20231107 10:52:47 - DC_logger - INFO - 开始收集集群：Cluster2 HA信息
20231107 10:52:47 - DC_logger - INFO - 开始收集集群：Cluster2 DRS信息
20231107 10:52:47 - DC_logger - INFO - 开始收集集群：Cluster2 EVC信息
20231107 10:52:48 - DC_logger - INFO - 开始收集集群：Cluster HA信息
20231107 10:52:48 - DC_logger - INFO - 开始收集集群：Cluster DRS信息
20231107 10:52:48 - DC_logger - INFO - 开始收集集群：Cluster EVC信息
20231107 10:52:48 - DC_logger - INFO - 开始收集集群：Cluster VSAN信息
20231107 10:53:02 - DC_logger - INFO - DC信息写入文件：D:\OneDrive\Documents\Py_project\vspherehealthcheck\data\dc-20231107105244.json
20231107 10:53:02 - DC_logger - INFO - the information acquisition of datacenter(s) is finished!
20231107 10:57:47 - DC_logger - INFO - 开始收集Datacenter信息!
20231107 10:57:47 - DC_logger - INFO - 开始收集Datacenter：testDC 信息
20231107 10:57:47 - DC_logger - INFO - 开始收集集群：Cluster HA信息
20231107 10:57:47 - DC_logger - INFO - 开始收集集群：Cluster DRS信息
20231107 10:57:47 - DC_logger - INFO - 开始收集集群：Cluster EVC信息
20231107 10:57:47 - DC_logger - INFO - 开始收集Datacenter：Datacenter 信息
20231107 10:57:50 - DC_logger - INFO - 开始收集集群：Cluster2 HA信息
20231107 10:57:50 - DC_logger - INFO - 开始收集集群：Cluster2 DRS信息
20231107 10:57:50 - DC_logger - INFO - 开始收集集群：Cluster2 EVC信息
20231107 10:57:50 - DC_logger - INFO - 开始收集集群：Cluster HA信息
20231107 10:57:51 - DC_logger - INFO - 开始收集集群：Cluster DRS信息
20231107 10:57:51 - DC_logger - INFO - 开始收集集群：Cluster EVC信息
20231107 10:57:51 - DC_logger - INFO - 开始收集集群：Cluster VSAN信息
20231107 10:58:02 - DC_logger - INFO - DC信息写入文件：D:\OneDrive\Documents\Py_project\vspherehealthcheck\data\dc-20231107105747.json
20231107 10:58:02 - DC_logger - INFO - the information acquisition of datacenter(s) is finished!
20231107 11:02:18 - DC_logger - INFO - 开始收集Datacenter信息!
20231107 11:02:18 - DC_logger - INFO - 开始收集Datacenter：testDC 信息
20231107 11:02:18 - DC_logger - INFO - 开始收集集群：Cluster HA信息
20231107 11:02:19 - DC_logger - INFO - 开始收集集群：Cluster DRS信息
20231107 11:02:19 - DC_logger - INFO - 开始收集集群：Cluster EVC信息
20231107 11:02:19 - DC_logger - INFO - 开始收集Datacenter：Datacenter 信息
20231107 11:02:22 - DC_logger - INFO - 开始收集集群：Cluster2 HA信息
20231107 11:02:22 - DC_logger - INFO - 开始收集集群：Cluster2 DRS信息
20231107 11:02:22 - DC_logger - INFO - 开始收集集群：Cluster2 EVC信息
20231107 11:02:24 - DC_logger - INFO - 开始收集集群：Cluster HA信息
20231107 11:02:25 - DC_logger - INFO - 开始收集集群：Cluster DRS信息
20231107 11:02:25 - DC_logger - INFO - 开始收集集群：Cluster EVC信息
20231107 11:02:27 - DC_logger - INFO - 开始收集集群：Cluster VSAN信息
20231107 11:02:39 - DC_logger - INFO - DC信息写入文件：D:\OneDrive\Documents\Py_project\vspherehealthcheck\data\dc-20231107110218.json
20231107 11:02:39 - DC_logger - INFO - the information acquisition of datacenter(s) is finished!
20231107 11:03:08 - DC_logger - INFO - 开始收集Datacenter信息!
20231107 11:03:08 - DC_logger - INFO - 开始收集Datacenter：testDC 信息
20231107 11:03:08 - DC_logger - INFO - 开始收集集群：Cluster HA信息
20231107 11:03:08 - DC_logger - INFO - 开始收集集群：Cluster DRS信息
20231107 11:03:08 - DC_logger - INFO - 开始收集集群：Cluster EVC信息
20231107 11:03:09 - DC_logger - INFO - 开始收集Datacenter：Datacenter 信息
20231107 11:03:11 - DC_logger - INFO - 开始收集集群：Cluster2 HA信息
20231107 11:03:11 - DC_logger - INFO - 开始收集集群：Cluster2 DRS信息
20231107 11:03:11 - DC_logger - INFO - 开始收集集群：Cluster2 EVC信息
20231107 11:03:11 - DC_logger - INFO - 开始收集集群：Cluster HA信息
20231107 11:03:12 - DC_logger - INFO - 开始收集集群：Cluster DRS信息
20231107 11:03:12 - DC_logger - INFO - 开始收集集群：Cluster EVC信息
20231107 11:03:12 - DC_logger - INFO - 开始收集集群：Cluster VSAN信息
20231107 11:03:21 - DC_logger - INFO - DC信息写入文件：D:\OneDrive\Documents\Py_project\vspherehealthcheck\data\dc-20231107110308.json
20231107 11:03:21 - DC_logger - INFO - the information acquisition of datacenter(s) is finished!
20231107 12:57:39 - DC_logger - INFO - 开始收集Datacenter信息!
20231107 12:57:39 - DC_logger - INFO - 开始收集Datacenter：DC2 信息
20231107 12:57:39 - DC_logger - INFO - 开始收集Datacenter：Datacenter 信息
20231107 12:57:41 - DC_logger - INFO - 开始收集集群：Cluster2 HA信息
20231107 12:57:42 - DC_logger - INFO - 开始收集集群：Cluster2 DRS信息
20231107 12:57:42 - DC_logger - INFO - 开始收集集群：Cluster2 EVC信息
20231107 12:57:42 - DC_logger - INFO - 开始收集集群：Cluster HA信息
20231107 12:57:42 - DC_logger - INFO - 开始收集集群：Cluster DRS信息
20231107 12:57:42 - DC_logger - INFO - 开始收集集群：Cluster EVC信息
20231107 12:57:43 - DC_logger - INFO - 开始收集集群：Cluster VSAN信息
20231107 12:57:51 - DC_logger - INFO - 开始收集Datacenter：testDC 信息
20231107 12:57:51 - DC_logger - INFO - 开始收集集群：Cluster HA信息
20231107 12:57:51 - DC_logger - INFO - 开始收集集群：Cluster DRS信息
20231107 12:57:51 - DC_logger - INFO - 开始收集集群：Cluster EVC信息
20231107 12:57:52 - DC_logger - INFO - DC信息写入文件：D:\OneDrive\Documents\Py_project\vspherehealthcheck\data\dc-20231107125739.json
20231107 12:57:52 - DC_logger - INFO - the information acquisition of datacenter(s) is finished!
20231109 09:33:51 - DC_logger - INFO - 开始收集Datacenter信息!
20231109 09:33:51 - DC_logger - INFO - 开始收集Datacenter：DC2 信息
20231109 09:33:51 - DC_logger - INFO - 开始收集Datacenter：Datacenter 信息
20231109 09:33:54 - DC_logger - INFO - 开始收集集群：Cluster2 HA信息
20231109 09:33:54 - DC_logger - INFO - 开始收集集群：Cluster2 DRS信息
20231109 09:33:54 - DC_logger - INFO - 开始收集集群：Cluster2 EVC信息
20231109 09:33:55 - DC_logger - INFO - 开始收集集群：Cluster HA信息
20231109 09:33:55 - DC_logger - INFO - 开始收集集群：Cluster DRS信息
20231109 09:33:55 - DC_logger - INFO - 开始收集集群：Cluster EVC信息
20231109 09:33:55 - DC_logger - INFO - 开始收集集群：Cluster VSAN信息
20231109 09:34:06 - DC_logger - INFO - 开始收集Datacenter：testDC 信息
20231109 09:34:06 - DC_logger - INFO - 开始收集集群：Cluster HA信息
20231109 09:34:06 - DC_logger - INFO - 开始收集集群：Cluster DRS信息
20231109 09:34:06 - DC_logger - INFO - 开始收集集群：Cluster EVC信息
20231109 09:34:06 - DC_logger - INFO - DC信息写入文件：D:\OneDrive\Documents\Py_project\vspherehealthcheck\data\dc-20231109093351.json
20231109 09:34:06 - DC_logger - INFO - the information acquisition of datacenter(s) is finished!
20231109 09:35:49 - DC_logger - INFO - 开始收集Datacenter信息!
20231109 09:35:49 - DC_logger - INFO - 开始收集Datacenter：DC2 信息
20231109 09:35:49 - DC_logger - INFO - 开始收集Datacenter：Datacenter 信息
20231109 09:35:52 - DC_logger - INFO - 开始收集集群：Cluster2 HA信息
20231109 09:35:52 - DC_logger - INFO - 开始收集集群：Cluster2 DRS信息
20231109 09:35:52 - DC_logger - INFO - 开始收集集群：Cluster2 EVC信息
20231109 09:35:52 - DC_logger - INFO - 开始收集集群：Cluster HA信息
20231109 09:35:52 - DC_logger - INFO - 开始收集集群：Cluster DRS信息
20231109 09:35:52 - DC_logger - INFO - 开始收集集群：Cluster EVC信息
20231109 09:35:53 - DC_logger - INFO - 开始收集集群：Cluster VSAN信息
20231109 09:36:02 - DC_logger - INFO - 开始收集Datacenter：testDC 信息
20231109 09:36:02 - DC_logger - INFO - 开始收集集群：Cluster HA信息
20231109 09:36:02 - DC_logger - INFO - 开始收集集群：Cluster DRS信息
20231109 09:36:02 - DC_logger - INFO - 开始收集集群：Cluster EVC信息
20231109 09:36:03 - DC_logger - INFO - DC信息写入文件：D:\OneDrive\Documents\Py_project\vspherehealthcheck\data\dc-20231109093549.json
20231109 09:36:03 - DC_logger - INFO - the information acquisition of datacenter(s) is finished!
20231109 09:37:07 - DC_logger - INFO - 开始收集Datacenter信息!
20231109 09:37:07 - DC_logger - INFO - 开始收集Datacenter：DC2 信息
20231109 09:37:07 - DC_logger - INFO - 开始收集Datacenter：Datacenter 信息
20231109 09:37:09 - DC_logger - INFO - 开始收集集群：Cluster2 HA信息
20231109 09:37:09 - DC_logger - INFO - 开始收集集群：Cluster2 DRS信息
20231109 09:37:09 - DC_logger - INFO - 开始收集集群：Cluster2 EVC信息
20231109 09:37:10 - DC_logger - INFO - 开始收集集群：Cluster HA信息
20231109 09:37:10 - DC_logger - INFO - 开始收集集群：Cluster DRS信息
20231109 09:37:10 - DC_logger - INFO - 开始收集集群：Cluster EVC信息
20231109 09:37:10 - DC_logger - INFO - 开始收集集群：Cluster VSAN信息
20231109 09:37:19 - DC_logger - INFO - 开始收集Datacenter：testDC 信息
20231109 09:37:19 - DC_logger - INFO - 开始收集集群：Cluster HA信息
20231109 09:37:19 - DC_logger - INFO - 开始收集集群：Cluster DRS信息
20231109 09:37:19 - DC_logger - INFO - 开始收集集群：Cluster EVC信息
20231109 09:37:19 - DC_logger - INFO - DC信息写入文件：D:\OneDrive\Documents\Py_project\vspherehealthcheck\data\dc-20231109093707.json
20231109 09:37:19 - DC_logger - INFO - the information acquisition of datacenter(s) is finished!
20231109 09:38:56 - DC_logger - INFO - 开始收集Datacenter信息!
20231109 09:38:56 - DC_logger - INFO - 开始收集Datacenter：DC2 信息
20231109 09:38:56 - DC_logger - INFO - 开始收集Datacenter：Datacenter 信息
20231109 09:38:58 - DC_logger - INFO - 开始收集集群：Cluster2 HA信息
20231109 09:38:59 - DC_logger - INFO - 开始收集集群：Cluster2 DRS信息
20231109 09:38:59 - DC_logger - INFO - 开始收集集群：Cluster2 EVC信息
20231109 09:38:59 - DC_logger - INFO - 开始收集集群：Cluster HA信息
20231109 09:38:59 - DC_logger - INFO - 开始收集集群：Cluster DRS信息
20231109 09:38:59 - DC_logger - INFO - 开始收集集群：Cluster EVC信息
20231109 09:39:00 - DC_logger - INFO - 开始收集集群：Cluster VSAN信息
20231109 09:39:08 - DC_logger - INFO - 开始收集Datacenter：testDC 信息
20231109 09:39:08 - DC_logger - INFO - 开始收集集群：Cluster HA信息
20231109 09:39:08 - DC_logger - INFO - 开始收集集群：Cluster DRS信息
20231109 09:39:08 - DC_logger - INFO - 开始收集集群：Cluster EVC信息
20231109 09:39:09 - DC_logger - INFO - DC信息写入文件：D:\OneDrive\Documents\Py_project\vspherehealthcheck\data\dc-20231109093856.json
20231109 09:39:09 - DC_logger - INFO - the information acquisition of datacenter(s) is finished!
20231109 13:29:59 - DC_logger - INFO - 开始收集Datacenter信息!
20231109 13:29:59 - DC_logger - INFO - 开始收集Datacenter：DC2 信息
20231109 13:29:59 - DC_logger - INFO - 开始收集Datacenter：Datacenter 信息
20231109 13:30:01 - DC_logger - INFO - 开始收集集群：Cluster2 HA信息
20231109 13:30:01 - DC_logger - INFO - 开始收集集群：Cluster2 DRS信息
20231109 13:30:01 - DC_logger - INFO - 开始收集集群：Cluster2 EVC信息
20231109 13:30:01 - DC_logger - INFO - 开始收集集群：Cluster HA信息
20231109 13:30:02 - DC_logger - INFO - 开始收集集群：Cluster DRS信息
20231109 13:30:02 - DC_logger - INFO - 开始收集集群：Cluster EVC信息
20231109 13:30:02 - DC_logger - INFO - 开始收集集群：Cluster VSAN信息
20231109 13:30:09 - DC_logger - INFO - 开始收集Datacenter：testDC 信息
20231109 13:30:09 - DC_logger - INFO - 开始收集集群：Cluster HA信息
20231109 13:30:09 - DC_logger - INFO - 开始收集集群：Cluster DRS信息
20231109 13:30:09 - DC_logger - INFO - 开始收集集群：Cluster EVC信息
20231109 13:30:09 - DC_logger - INFO - DC信息写入文件：D:\OneDrive\Documents\Py_project\vspherehealthcheck\data\dc-20231109132959.json
20231109 13:30:09 - DC_logger - INFO - the information acquisition of datacenter(s) is finished!
20231109 13:53:55 - DC_logger - INFO - 开始收集Datacenter信息!
20231109 13:53:55 - DC_logger - INFO - 开始收集Datacenter：DC2 信息
20231109 13:53:55 - DC_logger - INFO - 开始收集Datacenter：Datacenter 信息
20231109 13:53:58 - DC_logger - INFO - 开始收集集群：Cluster2 HA信息
20231109 13:53:58 - DC_logger - INFO - 开始收集集群：Cluster2 DRS信息
20231109 13:53:58 - DC_logger - INFO - 开始收集集群：Cluster2 EVC信息
20231109 13:53:58 - DC_logger - INFO - 开始收集集群：Cluster HA信息
20231109 13:53:58 - DC_logger - INFO - 开始收集集群：Cluster DRS信息
20231109 13:53:58 - DC_logger - INFO - 开始收集集群：Cluster EVC信息
20231109 13:53:58 - DC_logger - INFO - 开始收集集群：Cluster VSAN信息
20231109 13:54:06 - DC_logger - INFO - 开始收集Datacenter：testDC 信息
20231109 13:54:06 - DC_logger - INFO - 开始收集集群：Cluster HA信息
20231109 13:54:06 - DC_logger - INFO - 开始收集集群：Cluster DRS信息
20231109 13:54:06 - DC_logger - INFO - 开始收集集群：Cluster EVC信息
20231109 13:54:06 - DC_logger - INFO - DC信息写入文件：D:\OneDrive\Documents\Py_project\vspherehealthcheck\data\dc-20231109135355.json
20231109 13:54:06 - DC_logger - INFO - the information acquisition of datacenter(s) is finished!
20231109 15:25:18 - DC_logger - INFO - 开始收集Datacenter信息!
20231109 15:25:18 - DC_logger - INFO - 开始收集Datacenter：DC2 信息
20231109 15:25:18 - DC_logger - INFO - 开始收集Datacenter：Datacenter 信息
20231109 15:25:20 - DC_logger - INFO - 开始收集集群：Cluster2 HA信息
20231109 15:25:20 - DC_logger - INFO - 开始收集集群：Cluster2 DRS信息
20231109 15:25:20 - DC_logger - INFO - 开始收集集群：Cluster2 EVC信息
20231109 15:25:20 - DC_logger - INFO - 开始收集esxi主机信息：192.168.10.235
20231109 15:25:21 - DC_logger - INFO - 开始收集esxi主机192.168.10.235证书信息：
20231109 15:33:49 - DC_logger - INFO - 开始收集Datacenter信息!
20231109 15:33:49 - DC_logger - INFO - 开始收集Datacenter：DC2 信息
20231109 15:33:49 - DC_logger - INFO - 开始收集Datacenter：Datacenter 信息
20231109 15:33:51 - DC_logger - INFO - 开始收集集群：Cluster2 HA信息
20231109 15:33:51 - DC_logger - INFO - 开始收集集群：Cluster2 DRS信息
20231109 15:33:51 - DC_logger - INFO - 开始收集集群：Cluster2 EVC信息
20231109 15:33:51 - DC_logger - INFO - 开始收集esxi主机信息：192.168.10.235
20231109 15:33:52 - DC_logger - INFO - 开始收集esxi主机192.168.10.235证书信息：
20231109 15:35:58 - DC_logger - INFO - 开始收集Datacenter信息!
20231109 15:35:58 - DC_logger - INFO - 开始收集Datacenter：DC2 信息
20231109 15:35:58 - DC_logger - INFO - 开始收集Datacenter：Datacenter 信息
20231109 15:36:00 - DC_logger - INFO - 开始收集集群：Cluster2 HA信息
20231109 15:36:00 - DC_logger - INFO - 开始收集集群：Cluster2 DRS信息
20231109 15:36:00 - DC_logger - INFO - 开始收集集群：Cluster2 EVC信息
20231109 15:36:01 - DC_logger - INFO - 开始收集esxi主机信息：192.168.10.235
20231109 15:36:01 - DC_logger - INFO - 开始收集esxi主机192.168.10.235证书信息：
20231109 15:38:20 - DC_logger - INFO - 开始收集Datacenter信息!
20231109 15:38:20 - DC_logger - INFO - 开始收集Datacenter：DC2 信息
20231109 15:38:20 - DC_logger - INFO - 开始收集Datacenter：Datacenter 信息
20231109 15:38:22 - DC_logger - INFO - 开始收集集群：Cluster2 HA信息
20231109 15:38:22 - DC_logger - INFO - 开始收集集群：Cluster2 DRS信息
20231109 15:38:22 - DC_logger - INFO - 开始收集集群：Cluster2 EVC信息
20231109 15:38:22 - DC_logger - INFO - 开始收集esxi主机信息：192.168.10.235
20231109 15:38:23 - DC_logger - INFO - 开始收集esxi主机192.168.10.235证书信息：
20231109 15:38:44 - DC_logger - INFO - 开始收集Datacenter信息!
20231109 15:38:44 - DC_logger - INFO - 开始收集Datacenter：DC2 信息
20231109 15:38:44 - DC_logger - INFO - 开始收集Datacenter：Datacenter 信息
20231109 15:38:46 - DC_logger - INFO - 开始收集集群：Cluster2 HA信息
20231109 15:38:46 - DC_logger - INFO - 开始收集集群：Cluster2 DRS信息
20231109 15:38:46 - DC_logger - INFO - 开始收集集群：Cluster2 EVC信息
20231109 15:38:46 - DC_logger - INFO - 开始收集esxi主机信息：192.168.10.235
20231109 15:38:46 - DC_logger - INFO - 开始收集esxi主机192.168.10.235证书信息：
20231109 15:39:00 - DC_logger - INFO - 开始收集esxi主机信息：192.168.10.233
20231109 15:39:00 - DC_logger - INFO - 开始收集esxi主机192.168.10.233证书信息：
20231109 15:39:14 - DC_logger - INFO - 开始收集esxi主机信息：192.168.10.236
20231109 15:39:14 - DC_logger - INFO - 开始收集esxi主机192.168.10.236证书信息：
20231109 15:39:27 - DC_logger - INFO - 开始收集esxi主机信息：192.168.10.234
20231109 15:39:27 - DC_logger - INFO - 开始收集esxi主机192.168.10.234证书信息：
20231109 15:39:40 - DC_logger - INFO - 开始收集集群：Cluster HA信息
20231109 15:39:40 - DC_logger - INFO - 开始收集集群：Cluster DRS信息
20231109 15:39:40 - DC_logger - INFO - 开始收集集群：Cluster EVC信息
20231109 15:39:41 - DC_logger - INFO - 开始收集集群：Cluster VSAN信息
20231109 15:39:49 - DC_logger - INFO - 开始收集Datacenter：testDC 信息
20231109 15:39:49 - DC_logger - INFO - 开始收集集群：Cluster HA信息
20231109 15:39:49 - DC_logger - INFO - 开始收集集群：Cluster DRS信息
20231109 15:39:49 - DC_logger - INFO - 开始收集集群：Cluster EVC信息
20231109 15:39:49 - DC_logger - INFO - DC信息写入文件：D:\OneDrive\Documents\Py_project\vspherehealthcheck\data\dc-20231109153844.json
20231109 15:39:49 - DC_logger - INFO - the information acquisition of datacenter(s) is finished!
20231109 15:41:47 - DC_logger - INFO - 开始收集Datacenter信息!
20231109 15:41:47 - DC_logger - INFO - 开始收集Datacenter：DC2 信息
20231109 15:41:47 - DC_logger - INFO - 开始收集Datacenter：Datacenter 信息
20231109 15:41:49 - DC_logger - INFO - 开始收集集群：Cluster2 HA信息
20231109 15:41:49 - DC_logger - INFO - 开始收集集群：Cluster2 DRS信息
20231109 15:41:49 - DC_logger - INFO - 开始收集集群：Cluster2 EVC信息
20231109 15:41:50 - DC_logger - INFO - 开始收集esxi主机信息：192.168.10.235
20231109 15:41:50 - DC_logger - INFO - 开始收集esxi主机192.168.10.235证书信息：
20231109 15:42:04 - DC_logger - INFO - 开始收集esxi主机信息：192.168.10.233
20231109 15:42:04 - DC_logger - INFO - 开始收集esxi主机192.168.10.233证书信息：
20231109 15:42:17 - DC_logger - INFO - 开始收集esxi主机信息：192.168.10.236
20231109 15:42:17 - DC_logger - INFO - 开始收集esxi主机192.168.10.236证书信息：
20231109 15:42:31 - DC_logger - INFO - 开始收集esxi主机信息：192.168.10.234
20231109 15:42:31 - DC_logger - INFO - 开始收集esxi主机192.168.10.234证书信息：
20231109 15:42:43 - DC_logger - INFO - 开始收集集群：Cluster HA信息
20231109 15:42:44 - DC_logger - INFO - 开始收集集群：Cluster DRS信息
20231109 15:42:44 - DC_logger - INFO - 开始收集集群：Cluster EVC信息
20231109 15:42:44 - DC_logger - INFO - 开始收集集群：Cluster VSAN信息
20231109 15:42:51 - DC_logger - INFO - 开始收集Datacenter：testDC 信息
20231109 15:42:51 - DC_logger - INFO - 开始收集集群：Cluster HA信息
20231109 15:42:51 - DC_logger - INFO - 开始收集集群：Cluster DRS信息
20231109 15:42:51 - DC_logger - INFO - 开始收集集群：Cluster EVC信息
20231109 15:42:52 - DC_logger - INFO - DC信息写入文件：D:\OneDrive\Documents\Py_project\vspherehealthcheck\data\dc-20231109154147.json
20231109 15:42:52 - DC_logger - INFO - the information acquisition of datacenter(s) is finished!
20231109 15:49:04 - DC_logger - INFO - 开始收集Datacenter信息!
20231109 15:49:04 - DC_logger - INFO - 开始收集Datacenter：DC2 信息
20231109 15:49:04 - DC_logger - INFO - 开始收集Datacenter：Datacenter 信息
20231109 15:49:06 - DC_logger - INFO - 开始收集集群：Cluster2 HA信息
20231109 15:49:06 - DC_logger - INFO - 开始收集集群：Cluster2 DRS信息
20231109 15:49:06 - DC_logger - INFO - 开始收集集群：Cluster2 EVC信息
20231109 15:49:06 - DC_logger - INFO - 开始收集esxi主机信息：192.168.10.235
20231109 15:49:06 - DC_logger - INFO - 开始收集esxi主机192.168.10.235证书信息：
20231109 15:49:22 - DC_logger - INFO - 开始收集esxi主机信息：192.168.10.233
20231109 15:49:22 - DC_logger - INFO - 开始收集esxi主机192.168.10.233证书信息：
20231109 15:49:39 - DC_logger - INFO - 开始收集esxi主机信息：192.168.10.236
20231109 15:49:39 - DC_logger - INFO - 开始收集esxi主机192.168.10.236证书信息：
20231109 15:49:55 - DC_logger - INFO - 开始收集esxi主机信息：192.168.10.234
20231109 15:49:55 - DC_logger - INFO - 开始收集esxi主机192.168.10.234证书信息：
20231109 15:50:08 - DC_logger - INFO - 开始收集集群：Cluster HA信息
20231109 15:50:08 - DC_logger - INFO - 开始收集集群：Cluster DRS信息
20231109 15:50:08 - DC_logger - INFO - 开始收集集群：Cluster EVC信息
20231109 15:50:08 - DC_logger - INFO - 开始收集集群：Cluster VSAN信息
20231109 15:50:16 - DC_logger - INFO - 开始收集Datacenter：testDC 信息
20231109 15:50:16 - DC_logger - INFO - 开始收集集群：Cluster HA信息
20231109 15:50:16 - DC_logger - INFO - 开始收集集群：Cluster DRS信息
20231109 15:50:16 - DC_logger - INFO - 开始收集集群：Cluster EVC信息
20231109 15:50:16 - DC_logger - INFO - DC信息写入文件：D:\OneDrive\Documents\Py_project\vspherehealthcheck\data\dc-20231109154904.json
20231109 15:50:16 - DC_logger - INFO - the information acquisition of datacenter(s) is finished!
20231109 16:38:47 - DC_logger - INFO - 开始收集Datacenter信息!
20231109 16:38:47 - DC_logger - INFO - 开始收集Datacenter：DC2 信息
20231109 16:38:47 - DC_logger - INFO - 开始收集Datacenter：Datacenter 信息
20231109 16:38:49 - DC_logger - INFO - 开始收集集群：Cluster2 HA信息
20231109 16:38:50 - DC_logger - INFO - 开始收集集群：Cluster2 DRS信息
20231109 16:38:50 - DC_logger - INFO - 开始收集集群：Cluster2 EVC信息
20231109 16:38:50 - DC_logger - INFO - 开始收集esxi主机信息：192.168.10.235
20231109 16:38:50 - DC_logger - INFO - 开始收集esxi主机192.168.10.235证书信息：
20231109 16:41:20 - DC_logger - INFO - 开始收集Datacenter信息!
20231109 16:41:20 - DC_logger - INFO - 开始收集Datacenter：DC2 信息
20231109 16:41:20 - DC_logger - INFO - 开始收集Datacenter：Datacenter 信息
20231109 16:41:22 - DC_logger - INFO - 开始收集集群：Cluster2 HA信息
20231109 16:41:22 - DC_logger - INFO - 开始收集集群：Cluster2 DRS信息
20231109 16:41:22 - DC_logger - INFO - 开始收集集群：Cluster2 EVC信息
20231109 16:41:22 - DC_logger - INFO - 开始收集esxi主机信息：192.168.10.235
20231109 16:41:23 - DC_logger - INFO - 开始收集esxi主机192.168.10.235证书信息：
20231109 16:41:36 - DC_logger - INFO - 开始收集esxi主机信息：192.168.10.233
20231109 16:41:36 - DC_logger - INFO - 开始收集esxi主机192.168.10.233证书信息：
20231109 16:41:52 - DC_logger - INFO - 开始收集esxi主机信息：192.168.10.236
20231109 16:41:52 - DC_logger - INFO - 开始收集esxi主机192.168.10.236证书信息：
20231109 16:42:08 - DC_logger - INFO - 开始收集esxi主机信息：192.168.10.234
20231109 16:42:08 - DC_logger - INFO - 开始收集esxi主机192.168.10.234证书信息：
20231109 16:42:23 - DC_logger - INFO - 开始收集集群：Cluster HA信息
20231109 16:42:24 - DC_logger - INFO - 开始收集集群：Cluster DRS信息
20231109 16:42:24 - DC_logger - INFO - 开始收集集群：Cluster EVC信息
20231109 16:42:24 - DC_logger - INFO - 开始收集集群：Cluster VSAN信息
20231109 16:42:31 - DC_logger - INFO - 开始收集Datacenter：testDC 信息
20231109 16:42:31 - DC_logger - INFO - 开始收集集群：Cluster HA信息
20231109 16:42:31 - DC_logger - INFO - 开始收集集群：Cluster DRS信息
20231109 16:42:31 - DC_logger - INFO - 开始收集集群：Cluster EVC信息
20231109 16:42:31 - DC_logger - INFO - DC信息写入文件：D:\OneDrive\Documents\Py_project\vspherehealthcheck\data\dc-20231109164120.json
20231109 16:42:31 - DC_logger - INFO - the information acquisition of datacenter(s) is finished!
20231109 17:06:12 - DC_logger - INFO - 开始收集Datacenter信息!
20231109 17:06:12 - DC_logger - INFO - 开始收集Datacenter：DC2 信息
20231109 17:06:12 - DC_logger - INFO - 开始收集Datacenter：Datacenter 信息
20231109 17:06:14 - DC_logger - INFO - 开始收集集群：Cluster2 HA信息
20231109 17:06:14 - DC_logger - INFO - 开始收集集群：Cluster2 DRS信息
20231109 17:06:15 - DC_logger - INFO - 开始收集集群：Cluster2 EVC信息
20231109 17:06:15 - DC_logger - INFO - 开始收集esxi主机信息：192.168.10.235
20231109 17:06:15 - DC_logger - INFO - 开始收集esxi主机192.168.10.235证书信息：
20231109 17:06:29 - DC_logger - INFO - 开始收集esxi主机信息：192.168.10.233
20231109 17:06:29 - DC_logger - INFO - 开始收集esxi主机192.168.10.233证书信息：
20231109 17:06:43 - DC_logger - INFO - 开始收集esxi主机信息：192.168.10.236
20231109 17:06:43 - DC_logger - INFO - 开始收集esxi主机192.168.10.236证书信息：
20231109 17:06:59 - DC_logger - INFO - 开始收集esxi主机信息：192.168.10.234
20231109 17:06:59 - DC_logger - INFO - 开始收集esxi主机192.168.10.234证书信息：
20231109 17:07:12 - DC_logger - INFO - 开始收集集群：Cluster HA信息
20231109 17:07:12 - DC_logger - INFO - 开始收集集群：Cluster DRS信息
20231109 17:07:12 - DC_logger - INFO - 开始收集集群：Cluster EVC信息
20231109 17:07:12 - DC_logger - INFO - 开始收集集群：Cluster VSAN信息
20231109 17:07:20 - DC_logger - INFO - 开始收集Datacenter：testDC 信息
20231109 17:07:20 - DC_logger - INFO - 开始收集集群：Cluster HA信息
20231109 17:07:20 - DC_logger - INFO - 开始收集集群：Cluster DRS信息
20231109 17:07:20 - DC_logger - INFO - 开始收集集群：Cluster EVC信息
20231109 17:07:20 - DC_logger - INFO - DC信息写入文件：D:\OneDrive\Documents\Py_project\vspherehealthcheck\data\dc-20231109170612.json
20231109 17:07:20 - DC_logger - INFO - the information acquisition of datacenter(s) is finished!
20231110 09:23:09 - DC_logger - INFO - 开始收集Datacenter信息!
20231110 09:23:09 - DC_logger - INFO - 开始收集Datacenter：DC2 信息
20231110 09:23:09 - DC_logger - INFO - 开始收集Datacenter：Datacenter 信息
20231110 09:23:11 - DC_logger - INFO - 开始收集集群：Cluster2 HA信息
20231110 09:23:11 - DC_logger - INFO - 开始收集集群：Cluster2 DRS信息
20231110 09:23:12 - DC_logger - INFO - 开始收集集群：Cluster2 EVC信息
20231110 09:23:12 - DC_logger - INFO - 开始收集esxi主机信息：192.168.10.235
20231110 09:23:12 - DC_logger - INFO - 开始收集esxi主机192.168.10.235证书信息：
20231110 09:23:26 - DC_logger - INFO - 开始收集esxi主机信息：192.168.10.233
20231110 09:23:26 - DC_logger - INFO - 开始收集esxi主机192.168.10.233证书信息：
20231110 09:23:39 - DC_logger - INFO - 开始收集esxi主机信息：192.168.10.236
20231110 09:23:39 - DC_logger - INFO - 开始收集esxi主机192.168.10.236证书信息：
20231110 09:23:52 - DC_logger - INFO - 开始收集esxi主机信息：192.168.10.234
20231110 09:23:52 - DC_logger - INFO - 开始收集esxi主机192.168.10.234证书信息：
20231110 09:24:05 - DC_logger - INFO - 开始收集集群：Cluster HA信息
20231110 09:24:05 - DC_logger - INFO - 开始收集集群：Cluster DRS信息
20231110 09:24:05 - DC_logger - INFO - 开始收集集群：Cluster EVC信息
20231110 09:24:05 - DC_logger - INFO - 开始收集集群：Cluster VSAN信息
20231110 09:24:14 - DC_logger - INFO - 开始收集Datacenter：testDC 信息
20231110 09:24:14 - DC_logger - INFO - 开始收集集群：Cluster HA信息
20231110 09:24:14 - DC_logger - INFO - 开始收集集群：Cluster DRS信息
20231110 09:24:14 - DC_logger - INFO - 开始收集集群：Cluster EVC信息
20231110 09:24:14 - DC_logger - INFO - DC信息写入文件：D:\OneDrive\Documents\Py_project\vspherehealthcheck\data\dc-20231110092309.json
20231110 09:24:14 - DC_logger - INFO - the information acquisition of datacenter(s) is finished!
20231110 10:33:47 - DC_logger - INFO - 开始收集Datacenter信息!
20231110 10:33:47 - DC_logger - INFO - 开始收集Datacenter：DC2 信息
20231110 10:33:47 - DC_logger - INFO - 开始收集Datacenter：Datacenter 信息
20231110 10:33:49 - DC_logger - INFO - 开始收集集群：Cluster2 HA信息
20231110 10:33:50 - DC_logger - INFO - 开始收集集群：Cluster2 DRS信息
20231110 10:33:50 - DC_logger - INFO - 开始收集集群：Cluster2 EVC信息
20231110 10:33:50 - DC_logger - INFO - 开始收集esxi主机信息：192.168.10.235
20231110 10:33:50 - DC_logger - INFO - 开始收集esxi主机192.168.10.235证书信息：
20231110 10:34:06 - DC_logger - INFO - 开始收集esxi主机信息：192.168.10.233
20231110 10:34:06 - DC_logger - INFO - 开始收集esxi主机192.168.10.233证书信息：
20231110 10:34:22 - DC_logger - INFO - 开始收集esxi主机信息：192.168.10.236
20231110 10:34:22 - DC_logger - INFO - 开始收集esxi主机192.168.10.236证书信息：
20231110 10:34:36 - DC_logger - INFO - 开始收集esxi主机信息：192.168.10.234
20231110 10:34:36 - DC_logger - INFO - 开始收集esxi主机192.168.10.234证书信息：
20231110 10:34:49 - DC_logger - INFO - 开始收集集群：Cluster HA信息
20231110 10:34:49 - DC_logger - INFO - 开始收集集群：Cluster DRS信息
20231110 10:34:49 - DC_logger - INFO - 开始收集集群：Cluster EVC信息
20231110 10:34:49 - DC_logger - INFO - 开始收集集群：Cluster VSAN信息
20231110 10:34:56 - DC_logger - INFO - 开始收集Datacenter：testDC 信息
20231110 10:34:56 - DC_logger - INFO - 开始收集集群：Cluster HA信息
20231110 10:34:57 - DC_logger - INFO - 开始收集集群：Cluster DRS信息
20231110 10:34:57 - DC_logger - INFO - 开始收集集群：Cluster EVC信息
20231110 10:34:57 - DC_logger - INFO - DC信息写入文件：D:\OneDrive\Documents\Py_project\vspherehealthcheck\data\dc-20231110103347.json
20231110 10:34:57 - DC_logger - INFO - the information acquisition of datacenter(s) is finished!
20231110 10:42:49 - DC_logger - INFO - 开始收集Datacenter信息!
20231110 10:42:49 - DC_logger - INFO - 开始收集Datacenter：DC2 信息
20231110 10:42:49 - DC_logger - INFO - 开始收集Datacenter：Datacenter 信息
20231110 10:42:51 - DC_logger - INFO - 开始收集集群：Cluster2 HA信息
20231110 10:42:51 - DC_logger - INFO - 开始收集集群：Cluster2 DRS信息
20231110 10:42:51 - DC_logger - INFO - 开始收集集群：Cluster2 EVC信息
20231110 10:42:51 - DC_logger - INFO - 开始收集esxi主机信息：192.168.10.235
20231110 10:42:51 - DC_logger - INFO - 开始收集esxi主机192.168.10.235证书信息：
20231110 10:43:05 - DC_logger - INFO - 开始收集esxi主机信息：192.168.10.233
20231110 10:43:05 - DC_logger - INFO - 开始收集esxi主机192.168.10.233证书信息：
20231110 10:43:18 - DC_logger - INFO - 开始收集esxi主机信息：192.168.10.236
20231110 10:43:18 - DC_logger - INFO - 开始收集esxi主机192.168.10.236证书信息：
20231110 10:43:32 - DC_logger - INFO - 开始收集esxi主机信息：192.168.10.234
20231110 10:43:32 - DC_logger - INFO - 开始收集esxi主机192.168.10.234证书信息：
20231110 10:43:44 - DC_logger - INFO - 开始收集集群：Cluster HA信息
20231110 10:43:45 - DC_logger - INFO - 开始收集集群：Cluster DRS信息
20231110 10:43:45 - DC_logger - INFO - 开始收集集群：Cluster EVC信息
20231110 10:43:45 - DC_logger - INFO - 开始收集集群：Cluster VSAN信息
20231110 10:43:52 - DC_logger - INFO - 开始收集Datacenter：testDC 信息
20231110 10:43:52 - DC_logger - INFO - 开始收集集群：Cluster HA信息
20231110 10:43:52 - DC_logger - INFO - 开始收集集群：Cluster DRS信息
20231110 10:43:52 - DC_logger - INFO - 开始收集集群：Cluster EVC信息
20231110 10:43:53 - DC_logger - INFO - DC信息写入文件：D:\OneDrive\Documents\Py_project\vspherehealthcheck\data\dc-20231110104248.json
20231110 10:43:53 - DC_logger - INFO - the information acquisition of datacenter(s) is finished!
