20231106 10:47:05 - vms_logger - INFO - The information acquisition of virtual machine(s) is started!
20231106 10:47:05 - vms_logger - INFO - 收集虚拟机信息：VEEAM-ansible
20231106 10:47:20 - vms_logger - INFO - 收集虚拟机信息：OCS-Report
20231106 10:47:34 - vms_logger - INFO - 收集虚拟机信息：ZXL-erpnext_restored
20231106 10:47:47 - vms_logger - INFO - 收集虚拟机信息：172.17.1.10-密码未知
20231106 10:48:00 - vms_logger - INFO - 收集虚拟机信息：Jenkins
20231106 10:48:16 - vms_logger - INFO - 收集虚拟机信息：Printer-scan
20231106 10:48:32 - vms_logger - INFO - 收集虚拟机信息：webDX
20231106 10:48:45 - vms_logger - INFO - 收集虚拟机信息：YUM
20231106 10:49:00 - vms_logger - INFO - 收集虚拟机信息：ESXI1
20231106 10:49:14 - vms_logger - INFO - 收集虚拟机信息：RDS-Host2
20231106 10:49:26 - vms_logger - INFO - 收集虚拟机信息：LogServer
20231106 10:49:38 - vms_logger - INFO - 收集虚拟机信息：Mof-VDI-01
20231106 10:49:39 - vms_logger - INFO - 收集虚拟机信息：VIEWCS01
20231106 10:49:51 - vms_logger - INFO - 收集虚拟机信息：VIEWUAG01
20231106 10:50:05 - vms_logger - INFO - 收集虚拟机信息：windwos
20231106 10:50:16 - vms_logger - INFO - 收集虚拟机信息：vCenter
20231106 10:50:32 - vms_logger - INFO - 收集虚拟机信息：win10-rds-remote
20231106 10:50:44 - vms_logger - INFO - 收集虚拟机信息：Remote-s
20231106 10:50:57 - vms_logger - INFO - 收集虚拟机信息：VEEAM12
20231106 10:51:09 - vms_logger - INFO - 收集虚拟机信息：Zabbix
20231106 10:51:21 - vms_logger - INFO - 收集虚拟机信息：Avi-Mgmt
20231106 10:51:33 - vms_logger - INFO - 收集虚拟机信息：Tech-VDI-11
20231106 10:51:45 - vms_logger - INFO - 收集虚拟机信息：DXERP
20231106 10:52:00 - vms_logger - INFO - 收集虚拟机信息：AD-ISCSI-Server
20231106 10:52:13 - vms_logger - INFO - 收集虚拟机信息：Jump-chen
20231106 10:52:26 - vms_logger - INFO - 收集虚拟机信息：MES01-XU 172.17.1.3
20231106 10:52:41 - vms_logger - INFO - 收集虚拟机信息：win
20231106 10:52:54 - vms_logger - INFO - 收集虚拟机信息：Redhat-Repo
20231106 10:53:10 - vms_logger - INFO - 收集虚拟机信息：VSAN1
20231106 10:53:23 - vms_logger - INFO - 收集虚拟机信息：VIEWDATA
20231106 10:53:35 - vms_logger - INFO - 收集虚拟机信息：license
20231106 10:53:47 - vms_logger - INFO - 收集虚拟机信息：VCSA
20231106 10:54:01 - vms_logger - INFO - 收集虚拟机信息：TVremote_SaleCount
20231106 10:54:15 - vms_logger - INFO - 收集虚拟机信息：veeam
20231106 10:54:27 - vms_logger - INFO - 收集虚拟机信息：LSF-Master
20231106 10:54:38 - vms_logger - INFO - 收集虚拟机信息：NetAppDOT-simulate
20231106 10:54:51 - vms_logger - INFO - 收集虚拟机信息：TVremote_PowerBI
20231106 10:55:03 - vms_logger - INFO - 收集虚拟机信息：Centos7-Z2
20231106 10:55:03 - vms_logger - INFO - 收集虚拟机信息：webtest
20231106 10:55:15 - vms_logger - INFO - 收集虚拟机信息：Centos7-New
20231106 10:55:15 - vms_logger - INFO - 收集虚拟机信息：MES03-APPS 172.17.1.5
20231106 10:55:28 - vms_logger - INFO - 收集虚拟机信息：Centos7.9
20231106 10:55:28 - vms_logger - INFO - 收集虚拟机信息：Redhat6.9
20231106 10:55:29 - vms_logger - INFO - 收集虚拟机信息：Windows2022
20231106 10:55:30 - vms_logger - INFO - 收集虚拟机信息：BASIC_WIN10_BUS_21H2_CHS_2021.12
20231106 10:55:30 - vms_logger - INFO - 收集虚拟机信息：esxi03
20231106 10:55:43 - vms_logger - INFO - 收集虚拟机信息：BASIC_WIN7_ULT_CHS
20231106 10:55:44 - vms_logger - INFO - 收集虚拟机信息：BASIC_WIN2K12R2_STD_CHS
20231106 10:55:44 - vms_logger - INFO - 收集虚拟机信息：BASIC_WIN2K8R2_DC_CHS
20231106 10:55:45 - vms_logger - INFO - 收集虚拟机信息：VIEWCS02
20231106 10:55:56 - vms_logger - INFO - 收集虚拟机信息：RockyLinux-9.1-Core
20231106 10:55:57 - vms_logger - INFO - 收集虚拟机信息：ra-nsx
20231106 10:55:58 - vms_logger - INFO - 收集虚拟机信息：vcsa.red-apricot.top
20231106 10:55:59 - vms_logger - INFO - 收集虚拟机信息：DC
20231106 10:55:59 - vms_logger - INFO - 收集虚拟机信息：CentOS7.7
20231106 10:56:00 - vms_logger - INFO - 收集虚拟机信息：AD01.red-apricot.top
20231106 10:56:01 - vms_logger - INFO - 收集虚拟机信息：MES12-APPS_172.17.1.17-IIS服务器
20231106 10:56:13 - vms_logger - INFO - 收集虚拟机信息：AppVolumes
20231106 10:56:26 - vms_logger - INFO - 收集虚拟机信息：NFS-Server
20231106 10:56:37 - vms_logger - INFO - 收集虚拟机信息：W10.21H2.BUS.X64.CN.2021.12
20231106 10:56:38 - vms_logger - INFO - 收集虚拟机信息：CTX-NSVPX
20231106 10:56:39 - vms_logger - INFO - 收集虚拟机信息：VRLogInsight
20231106 10:56:39 - vms_logger - INFO - 收集虚拟机信息：DX_MES_VM01 172.17.1.181-SQL
20231106 10:56:51 - vms_logger - INFO - 收集虚拟机信息：Sale-VDI-01
20231106 10:57:05 - vms_logger - INFO - 收集虚拟机信息：ActiveIQUnifiedManager-9.13
20231106 10:57:19 - vms_logger - INFO - 收集虚拟机信息：Redhat8.8
20231106 10:57:20 - vms_logger - INFO - 收集虚拟机信息：RealVNC
20231106 10:57:34 - vms_logger - INFO - 收集虚拟机信息：vCLS-17f8ae90-8afb-49c7-8d94-8ea347a3d972
20231106 10:57:50 - vms_logger - INFO - 收集虚拟机信息：BASIC_WIN2K16_STD_CHS
20231106 10:57:51 - vms_logger - INFO - 收集虚拟机信息：RockyLinux-9.1
20231106 10:57:52 - vms_logger - INFO - 收集虚拟机信息：PCNS_en
20231106 10:57:53 - vms_logger - INFO - 收集虚拟机信息：ANSIBLE
20231106 10:58:05 - vms_logger - INFO - 收集虚拟机信息：W10.1909.BUS.X64.CN.2020
20231106 10:58:05 - vms_logger - INFO - 收集虚拟机信息：WIN10.LTSC.ENT.2021
20231106 10:58:06 - vms_logger - INFO - 收集虚拟机信息：vrni-platform-01
20231106 10:58:07 - vms_logger - INFO - 收集虚拟机信息：Veeam-s
20231106 10:58:08 - vms_logger - INFO - 收集虚拟机信息：bitnami-erpnext-13.36.3-0-linux-vm-debian-11-x86_64-nami
20231106 10:58:08 - vms_logger - INFO - 收集虚拟机信息：ad
20231106 10:58:09 - vms_logger - INFO - 收集虚拟机信息：Centos7-Z1
20231106 10:58:10 - vms_logger - INFO - 收集虚拟机信息：Tech-VDI-04
20231106 10:58:11 - vms_logger - INFO - 收集虚拟机信息：CentOS7.9-s
20231106 10:58:11 - vms_logger - INFO - 收集虚拟机信息：FEI-2K8
20231106 10:58:24 - vms_logger - INFO - 收集虚拟机信息：FEI-002
20231106 10:58:37 - vms_logger - INFO - 收集虚拟机信息：MES-172.17.1.12
20231106 10:58:50 - vms_logger - INFO - 收集虚拟机信息：Smokeping
20231106 10:59:06 - vms_logger - INFO - 收集虚拟机信息：FEI-015
20231106 10:59:17 - vms_logger - INFO - 收集虚拟机信息：MES02-SVN 172.17.1.1
20231106 10:59:31 - vms_logger - INFO - 收集虚拟机信息：Linux7.1
20231106 10:59:55 - vms_logger - INFO - 收集虚拟机信息：VSAN2
20231106 11:00:10 - vms_logger - INFO - 收集虚拟机信息：rsyslog
20231106 11:00:25 - vms_logger - INFO - 收集虚拟机信息：Teslamate
20231106 11:00:44 - vms_logger - INFO - 收集虚拟机信息：FEI-WEB
20231106 11:01:00 - vms_logger - INFO - 收集虚拟机信息：DC-s
20231106 11:01:14 - vms_logger - INFO - 收集虚拟机信息：Veeam
20231106 11:01:29 - vms_logger - INFO - 收集虚拟机信息：NIS01
20231106 11:01:42 - vms_logger - INFO - 收集虚拟机信息：Pass-Mgr
20231106 11:01:56 - vms_logger - INFO - 收集虚拟机信息：FEI-AD2
20231106 11:02:08 - vms_logger - INFO - 收集虚拟机信息：Tech-VDI-10
20231106 11:02:21 - vms_logger - INFO - 收集虚拟机信息：Mof-VDI-04
20231106 11:02:35 - vms_logger - INFO - 收集虚拟机信息：Mof-VDI-03
20231106 11:02:48 - vms_logger - INFO - 收集虚拟机信息：Mof-VDI-02
20231106 11:03:02 - vms_logger - INFO - 收集虚拟机信息：GitLab
20231106 11:03:20 - vms_logger - INFO - 收集虚拟机信息：DX_MES_VM01
20231106 11:03:37 - vms_logger - INFO - 收集虚拟机信息：TigerVNC
20231106 11:03:51 - vms_logger - INFO - 收集虚拟机信息：Tech-VDI-06
20231106 11:04:04 - vms_logger - INFO - 收集虚拟机信息：CRM_DX
20231106 11:04:17 - vms_logger - INFO - 收集虚拟机信息：ESXI3
20231106 11:04:31 - vms_logger - INFO - 收集虚拟机信息：clonevm1 (1)
20231106 11:04:32 - vms_logger - INFO - 收集虚拟机信息：LSF-Node1
20231106 11:04:45 - vms_logger - INFO - 收集虚拟机信息：ERPNext
20231106 11:04:59 - vms_logger - INFO - 收集虚拟机信息：clonevm1
20231106 11:04:59 - vms_logger - INFO - 收集虚拟机信息：DC-DA
20231106 11:05:00 - vms_logger - INFO - 收集虚拟机信息：Centos8.3
20231106 11:05:01 - vms_logger - INFO - 收集虚拟机信息：BASIC_WIN2K12R2_DC_CHS
20231106 11:05:01 - vms_logger - INFO - 收集虚拟机信息：Redhat7.9
20231106 11:05:02 - vms_logger - INFO - 收集虚拟机信息：DS3622
20231106 11:05:03 - vms_logger - INFO - 收集虚拟机信息：Synopsys
20231106 11:05:16 - vms_logger - INFO - 收集虚拟机信息：WDS-DX
20231106 11:05:16 - vms_logger - INFO - 收集虚拟机信息：RDS-Host1
20231106 11:05:28 - vms_logger - INFO - 收集虚拟机信息：DX_DC
20231106 11:05:29 - vms_logger - INFO - 收集虚拟机信息：Examination-S
20231106 11:05:29 - vms_logger - INFO - 收集虚拟机信息：MESFileSrv 172.17.1.2-文件服务器
20231106 11:05:40 - vms_logger - INFO - 收集虚拟机信息：vCLS-1e2b470b-7ae0-4547-b877-611a6b498bf2
20231106 11:05:51 - vms_logger - INFO - 收集虚拟机信息：Ubuntu22.04
20231106 11:05:52 - vms_logger - INFO - 收集虚拟机信息：NEWERP
20231106 11:06:03 - vms_logger - INFO - 收集虚拟机信息：cp-template-4d945c9c-0485-4d73-8e61-7030b5fb59d5
20231106 11:06:03 - vms_logger - INFO - 收集虚拟机信息：Host1
20231106 11:06:04 - vms_logger - INFO - 收集虚拟机信息：Avi-se-bagyp
20231106 11:06:17 - vms_logger - INFO - 收集虚拟机信息：LADP
20231106 11:06:28 - vms_logger - INFO - 收集虚拟机信息：cp-replica-3df5eda1-7c80-4ef2-9fbe-b6bbe76ea0ea
20231106 11:06:29 - vms_logger - INFO - 收集虚拟机信息：vrni-collector-01
20231106 11:06:29 - vms_logger - INFO - 收集虚拟机信息：zabbix-server
20231106 11:06:30 - vms_logger - INFO - 收集虚拟机信息：DX_ERPNext
20231106 11:06:31 - vms_logger - INFO - 收集虚拟机信息：AD
20231106 11:06:31 - vms_logger - INFO - 收集虚拟机信息：huawei-lab
20231106 11:06:32 - vms_logger - INFO - 收集虚拟机信息：vCenter Server 8
20231106 11:06:46 - vms_logger - INFO - 收集虚拟机信息：ChatMOSS
20231106 11:06:47 - vms_logger - INFO - 收集虚拟机信息：gitlab-test
20231106 11:06:58 - vms_logger - INFO - 收集虚拟机信息：CRM
20231106 11:07:09 - vms_logger - INFO - 收集虚拟机信息：Avi-se-rdatm
20231106 11:07:22 - vms_logger - INFO - 收集虚拟机信息：FTP
20231106 11:07:34 - vms_logger - INFO - 收集虚拟机信息：ESXI2
20231106 11:07:49 - vms_logger - INFO - 收集虚拟机信息：DX_bakDC
20231106 11:08:02 - vms_logger - INFO - 收集虚拟机信息：bitnami-erpnext20200327
20231106 11:08:15 - vms_logger - INFO - 收集虚拟机信息：Tech-VDI-01
20231106 11:08:29 - vms_logger - INFO - 收集虚拟机信息：2. DX-DB2 ERP IP8
20231106 11:08:42 - vms_logger - INFO - 收集虚拟机信息：NSXMGR-01
20231106 11:08:57 - vms_logger - INFO - 收集虚拟机信息：iTop
20231106 11:08:58 - vms_logger - INFO - 收集虚拟机信息：demo-Client(NFS、rsyslog、zabbix)
20231106 11:09:14 - vms_logger - INFO - 收集虚拟机信息：Tech-VDI-05
20231106 11:09:27 - vms_logger - INFO - 收集虚拟机信息：esxi01
20231106 11:09:42 - vms_logger - INFO - 收集虚拟机信息：esxi02
20231106 11:09:56 - vms_logger - INFO - 收集虚拟机信息：NTPServer
20231106 11:10:12 - vms_logger - INFO - 收集虚拟机信息：vCLS-7c43d747-440b-41b5-87c7-bad2cb51b64b
20231106 11:10:24 - vms_logger - INFO - 收集虚拟机信息：Avi-controller
20231106 11:10:36 - vms_logger - INFO - 收集虚拟机信息：BASIC_WIN10_1709_PRO_CHS
20231106 11:10:37 - vms_logger - INFO - 收集虚拟机信息：Exch02.red-apricot.top
20231106 11:10:37 - vms_logger - INFO - 收集虚拟机信息：ManageEngine_ServiceDesk_Plus
20231106 11:10:38 - vms_logger - INFO - 收集虚拟机信息：DX-WDS
20231106 11:10:39 - vms_logger - INFO - 收集虚拟机信息：ESXi-003
20231106 11:10:40 - vms_logger - INFO - 收集虚拟机信息：ESXi-001
20231106 11:10:40 - vms_logger - INFO - 收集虚拟机信息：RockyLinux-8-Core
20231106 11:10:41 - vms_logger - INFO - 收集虚拟机信息：CentOS6.9
20231106 11:10:42 - vms_logger - INFO - 收集虚拟机信息：VEEAM-Linuxrepo
20231106 11:10:55 - vms_logger - INFO - 收集虚拟机信息：CTX-W10-01
20231106 11:10:55 - vms_logger - INFO - 收集虚拟机信息：Tech-VDI-03
20231106 11:10:56 - vms_logger - INFO - 收集虚拟机信息：Tech-VDI-07
20231106 11:11:13 - vms_logger - INFO - 收集虚拟机信息：iscsi1
20231106 11:11:14 - vms_logger - INFO - 收集虚拟机信息：Redhat8.3-Workstation
20231106 11:11:15 - vms_logger - INFO - 收集虚拟机信息：Avi-se-otxrm
20231106 11:11:31 - vms_logger - INFO - 收集虚拟机信息：Nginx-01
20231106 11:11:32 - vms_logger - INFO - 收集虚拟机信息：DDC01
20231106 11:11:33 - vms_logger - INFO - 收集虚拟机信息：Centos7.9-Core
20231106 11:11:33 - vms_logger - INFO - 收集虚拟机信息：netapp-ontap-tools
20231106 11:11:34 - vms_logger - INFO - 收集虚拟机信息：BASIC_WIN2K19_STD_CHS
20231106 11:11:35 - vms_logger - INFO - 收集虚拟机信息：Avi-se-lnyad
20231106 11:11:52 - vms_logger - INFO - 收集虚拟机信息：MESSQL2008R2 172.17.1.6
20231106 11:12:05 - vms_logger - INFO - 收集虚拟机信息：ubuntu22.04.1
20231106 11:12:06 - vms_logger - INFO - 收集虚拟机信息：iscsi2
20231106 11:12:06 - vms_logger - INFO - 收集虚拟机信息：BASIC_WIN10_BUS_20H2_CHS
20231106 11:12:07 - vms_logger - INFO - 收集虚拟机信息：Tech-VDI-02
20231106 11:12:09 - vms_logger - INFO - 收集虚拟机信息：cp-replica-f65e1e0d-e136-4af9-b26d-7437878b1f33
20231106 11:12:10 - vms_logger - INFO - 收集虚拟机信息：cp-template-556c5fe7-ad4c-4261-b39e-f2dfd0f2d6a6
20231106 11:12:11 - vms_logger - INFO - 收集虚拟机信息：storeonce-vsa
20231106 11:12:24 - vms_logger - INFO - 收集虚拟机信息：Tech-VDI-08
20231106 11:12:25 - vms_logger - INFO - 收集虚拟机信息：NIS02
20231106 11:12:37 - vms_logger - INFO - 收集虚拟机信息：Exch01.red-apricot.top
20231106 11:12:38 - vms_logger - INFO - 收集虚拟机信息：WIN11.21H2.BUS.X64.CN.2021.11
20231106 11:12:39 - vms_logger - INFO - 收集虚拟机信息：KMS
20231106 11:12:53 - vms_logger - INFO - 收集虚拟机信息：Oracle-DB
20231106 11:12:54 - vms_logger - INFO - 收集虚拟机信息：vCLS-f754c319-c0b7-494f-8f10-c3034b3428b7
20231106 11:12:55 - vms_logger - INFO - 收集虚拟机信息：CTX-RDS-01
20231106 11:12:55 - vms_logger - INFO - 收集虚拟机信息：ESXi-002
20231106 11:12:56 - vms_logger - INFO - 收集虚拟机信息：windows server2012 r2
20231106 11:12:57 - vms_logger - INFO - 收集虚拟机信息：nfs
20231106 11:12:58 - vms_logger - INFO - 收集虚拟机信息：lab-H-test
20231106 11:12:59 - vms_logger - INFO - 收集虚拟机信息：Gophish
20231106 11:13:00 - vms_logger - INFO - 收集的虚拟机信息写入文件：D:\OneDrive\Documents\Py_project\vspherehealthcheck\data\vms-20231106104705.json
20231106 11:13:00 - vms_logger - INFO - the information acquisition of virtual machine(s) is finished!
